optimise.au3 started with batch "71999P".
Executed command ""C:\V90\panel.exe" "71999P.txt"" in working directory "C:\V90\FABRIDOR".
The program failed to produce the expected main window. Process 15896 was terminated.
Retrying...
Executed command ""C:\V90\panel.exe" "71999P.txt"" in working directory "C:\V90\FABRIDOR".
The program failed to produce the expected main window. Process 15780 was terminated.
Retrying...
Executed command ""C:\V90\panel.exe" "71999P.txt"" in working directory "C:\V90\FABRIDOR".
The program failed to produce the expected main window. Process 3780 was terminated.
Retrying...
Executed command ""C:\V90\panel.exe" "71999P.txt"" in working directory "C:\V90\FABRIDOR".
The program failed to produce the expected main window. Process 13116 was terminated.
Retrying...
Executed command ""C:\V90\panel.exe" "71999P.txt"" in working directory "C:\V90\FABRIDOR".
The program failed to produce the expected main window. Process 10400 was terminated.
Retrying...
Executed command ""C:\V90\panel.exe" "71999P.txt"" in working directory "C:\V90\FABRIDOR".
The program failed to produce the expected main window. Process 10176 was terminated.
optimise.au3 failed.
optimise.au3 started with batch "71999P".
Executed command ""C:\V90\panel.exe" "71999P.txt"" in working directory "C:\V90\FABRIDOR".
The program failed to produce the expected main window. Process 19136 was terminated.
Retrying...
Executed command ""C:\V90\panel.exe" "71999P.txt"" in working directory "C:\V90\FABRIDOR".
The program failed to produce the expected main window. Process 11408 was terminated.
Retrying...
Executed command ""C:\V90\panel.exe" "71999P.txt"" in working directory "C:\V90\FABRIDOR".
The program failed to produce the expected main window. Process 16008 was terminated.
Retrying...
Executed command ""C:\V90\panel.exe" "71999P.txt"" in working directory "C:\V90\FABRIDOR".
The program failed to produce the expected main window. Process 13228 was terminated.
Retrying...
Executed command ""C:\V90\panel.exe" "71999P.txt"" in working directory "C:\V90\FABRIDOR".
The program failed to produce the expected main window. Process 15288 was terminated.
Retrying...
Executed command ""C:\V90\panel.exe" "71999P.txt"" in working directory "C:\V90\FABRIDOR".
The program failed to produce the expected main window. Process 15760 was terminated.
optimise.au3 failed.
optimise.au3 started with batch "71999P".
Executed command ""C:\V90\panel.exe" "71999P.txt"" in working directory "C:\V90\FABRIDOR".
The program failed to produce the expected main window. Process 16776 was terminated.
Retrying...
Executed command ""C:\V90\panel.exe" "71999P.txt"" in working directory "C:\V90\FABRIDOR".
The program failed to produce the expected main window. Process 3556 was terminated.
Retrying...
Executed command ""C:\V90\panel.exe" "71999P.txt"" in working directory "C:\V90\FABRIDOR".
The program failed to produce the expected main window. Process 15184 was terminated.
Retrying...
Executed command ""C:\V90\panel.exe" "71999P.txt"" in working directory "C:\V90\FABRIDOR".
The program failed to produce the expected main window. Process 10028 was terminated.
Retrying...
Executed command ""C:\V90\panel.exe" "71999P.txt"" in working directory "C:\V90\FABRIDOR".
The program failed to produce the expected main window. Process 13792 was terminated.
Retrying...
Executed command ""C:\V90\panel.exe" "71999P.txt"" in working directory "C:\V90\FABRIDOR".
The program failed to produce the expected main window. Process 1392 was terminated.
optimise.au3 failed.
optimise.au3 started with batch "71999P".
Executed command ""C:\V90\panel.exe" "71999P.txt"" in working directory "C:\V90\FABRIDOR".
optimise.au3 started with batch "71999P".
Executed command ""C:\V90\panel.exe" "71999P.txt"" in working directory "C:\V90\FABRIDOR".
The program failed to produce the expected main window. Process 9464 was terminated.
Retrying...
Executed command ""C:\V90\panel.exe" "71999P.txt"" in working directory "C:\V90\FABRIDOR".
The program failed to produce the expected main window. Process 3412 was terminated.
Retrying...
Executed command ""C:\V90\panel.exe" "71999P.txt"" in working directory "C:\V90\FABRIDOR".
The program failed to produce the expected main window. Process 17164 was terminated.
Retrying...
Executed command ""C:\V90\panel.exe" "71999P.txt"" in working directory "C:\V90\FABRIDOR".
The program failed to produce the expected main window. Process 15416 was terminated.
Retrying...
Executed command ""C:\V90\panel.exe" "71999P.txt"" in working directory "C:\V90\FABRIDOR".
The program failed to produce the expected main window. Process 8356 was terminated.
Retrying...
Executed command ""C:\V90\panel.exe" "71999P.txt"" in working directory "C:\V90\FABRIDOR".
The program failed to produce the expected main window. Process 4112 was terminated.
optimise.au3 failed.
optimise.au3 started with batch "71999P".
Executed command ""C:\V90\panel.exe" "71999P.txt"" in working directory "C:\V90\FABRIDOR".
The program failed to produce the expected main window. Process 17820 was terminated.
Retrying...
Executed command ""C:\V90\panel.exe" "71999P.txt"" in working directory "C:\V90\FABRIDOR".
The program failed to produce the expected main window. Process 18156 was terminated.
Retrying...
Executed command ""C:\V90\panel.exe" "71999P.txt"" in working directory "C:\V90\FABRIDOR".
The program failed to produce the expected main window. Process 13160 was terminated.
Retrying...
Executed command ""C:\V90\panel.exe" "71999P.txt"" in working directory "C:\V90\FABRIDOR".
The program failed to produce the expected main window. Process 16872 was terminated.
Retrying...
Executed command ""C:\V90\panel.exe" "71999P.txt"" in working directory "C:\V90\FABRIDOR".
The program failed to produce the expected main window. Process 16460 was terminated.
Retrying...
Executed command ""C:\V90\panel.exe" "71999P.txt"" in working directory "C:\V90\FABRIDOR".
The program failed to produce the expected main window. Process 9124 was terminated.
optimise.au3 failed.
optimise.au3 started with batch "71999P".
Executed command ""C:\V90\panel.exe" "71999P.txt"" in working directory "C:\V90\FABRIDOR".
The program failed to produce the expected main window. Process 16884 was terminated.
Retrying...
Executed command ""C:\V90\panel.exe" "71999P.txt"" in working directory "C:\V90\FABRIDOR".
The program failed to produce the expected main window. Process 3384 was terminated.
Retrying...
Executed command ""C:\V90\panel.exe" "71999P.txt"" in working directory "C:\V90\FABRIDOR".
The program failed to produce the expected main window. Process 9688 was terminated.
Retrying...
Executed command ""C:\V90\panel.exe" "71999P.txt"" in working directory "C:\V90\FABRIDOR".
The program failed to produce the expected main window. Process 11552 was terminated.
Retrying...
Executed command ""C:\V90\panel.exe" "71999P.txt"" in working directory "C:\V90\FABRIDOR".
The program failed to produce the expected main window. Process 12616 was terminated.
Retrying...
Executed command ""C:\V90\panel.exe" "71999P.txt"" in working directory "C:\V90\FABRIDOR".
The program failed to produce the expected main window. Process 13516 was terminated.
optimise.au3 failed.
optimise.au3 started with batch "71999P".
Executed command ""C:\V90\panel.exe" "71999P.txt"" in working directory "C:\V90\FABRIDOR".
optimise.au3 started with batch "71999P".
Executed command ""C:\V90\panel.exe" "71999P.txt"" in working directory "C:\V90\FABRIDOR".
The program failed to produce the expected main window. Process 13828 was terminated.
Retrying...
Executed command ""C:\V90\panel.exe" "71999P.txt"" in working directory "C:\V90\FABRIDOR".
The program failed to produce the expected main window. Process 19424 was terminated.
Retrying...
Executed command ""C:\V90\panel.exe" "71999P.txt"" in working directory "C:\V90\FABRIDOR".
The program failed to produce the expected main window. Process 11888 was terminated.
Retrying...
Executed command ""C:\V90\panel.exe" "71999P.txt"" in working directory "C:\V90\FABRIDOR".
The program failed to produce the expected main window. Process 13144 was terminated.
Retrying...
Executed command ""C:\V90\panel.exe" "71999P.txt"" in working directory "C:\V90\FABRIDOR".
The program failed to produce the expected main window. Process 10440 was terminated.
Retrying...
Executed command ""C:\V90\panel.exe" "71999P.txt"" in working directory "C:\V90\FABRIDOR".
The program failed to produce the expected main window. Process 9168 was terminated.
Retrying...
Executed command ""C:\V90\panel.exe" "71999P.txt"" in working directory "C:\V90\FABRIDOR".
The program failed to produce the expected main window. Process 5404 was terminated.
Retrying...
Executed command ""C:\V90\panel.exe" "71999P.txt"" in working directory "C:\V90\FABRIDOR".
The program failed to produce the expected main window. Process 4588 was terminated.
Retrying...
Executed command ""C:\V90\panel.exe" "71999P.txt"" in working directory "C:\V90\FABRIDOR".
The program failed to produce the expected main window. Process 12508 was terminated.
Retrying...
Executed command ""C:\V90\panel.exe" "71999P.txt"" in working directory "C:\V90\FABRIDOR".
The program failed to produce the expected main window. Process 12512 was terminated.
Retrying...
Executed command ""C:\V90\panel.exe" "71999P.txt"" in working directory "C:\V90\FABRIDOR".
The program failed to produce the expected main window. Process 3856 was terminated.
optimise.au3 failed.
The program failed to produce the expected main window. Process 16752 was terminated.
optimise.au3 failed.
optimise.au3 started with batch "71999P".
Executed command ""C:\V90\panel.exe" "71999P.txt"" in working directory "C:\V90\FABRIDOR".
The program failed to produce the expected main window. Process 9248 was terminated.
Retrying...
Executed command ""C:\V90\panel.exe" "71999P.txt"" in working directory "C:\V90\FABRIDOR".
The program failed to produce the expected main window. Process 10548 was terminated.
Retrying...
Executed command ""C:\V90\panel.exe" "71999P.txt"" in working directory "C:\V90\FABRIDOR".
The program failed to produce the expected main window. Process 16872 was terminated.
Retrying...
Executed command ""C:\V90\panel.exe" "71999P.txt"" in working directory "C:\V90\FABRIDOR".
The program failed to produce the expected main window. Process 17976 was terminated.
Retrying...
Executed command ""C:\V90\panel.exe" "71999P.txt"" in working directory "C:\V90\FABRIDOR".
The program failed to produce the expected main window. Process 16740 was terminated.
Retrying...
Executed command ""C:\V90\panel.exe" "71999P.txt"" in working directory "C:\V90\FABRIDOR".
The program failed to produce the expected main window. Process 3560 was terminated.
optimise.au3 failed.
optimise.au3 started with batch "71999P".
optimise.au3 started with batch "71999P".
Executed command ""C:\V90\panel.exe" "71999P.txt"" in working directory "C:\V90\FABRIDOR".
The program failed to produce the expected main window. Process 4860 was terminated.
Retrying...
Executed command ""C:\V90\panel.exe" "71999P.txt"" in working directory "C:\V90\FABRIDOR".
The program failed to produce the expected main window. Process 19248 was terminated.
Retrying...
Executed command ""C:\V90\panel.exe" "71999P.txt"" in working directory "C:\V90\FABRIDOR".
The program failed to produce the expected main window. Process 10304 was terminated.
Retrying...
Executed command ""C:\V90\panel.exe" "71999P.txt"" in working directory "C:\V90\FABRIDOR".
The program failed to produce the expected main window. Process 6060 was terminated.
Retrying...
Executed command ""C:\V90\panel.exe" "71999P.txt"" in working directory "C:\V90\FABRIDOR".
The program failed to produce the expected main window. Process 9500 was terminated.
Retrying...
Executed command ""C:\V90\panel.exe" "71999P.txt"" in working directory "C:\V90\FABRIDOR".
The program failed to produce the expected main window. Process 5288 was terminated.
optimise.au3 failed.
