panneaux.au3 started.
Executed command ""C:\V90\panel.exe" "71999P.txt"" in working directory "C:\V90\FABRIDOR".
Command ""C:\V90\panel.exe" "71999P.txt"" failed to produce the expected window with title "Part list - 71999P". Process 6704 was terminated.
Retrying...
Executed command ""C:\V90\panel.exe" "71999P.txt"" in working directory "C:\V90\FABRIDOR".
Command ""C:\V90\panel.exe" "71999P.txt"" failed to produce the expected window with title "Part list - 71999P". Process 8040 was terminated.
Retrying...
Executed command ""C:\V90\panel.exe" "71999P.txt"" in working directory "C:\V90\FABRIDOR".
Command ""C:\V90\panel.exe" "71999P.txt"" failed to produce the expected window with title "Part list - 71999P". Process 12292 was terminated.
Retrying...
Executed command ""C:\V90\panel.exe" "71999P.txt"" in working directory "C:\V90\FABRIDOR".
Command ""C:\V90\panel.exe" "71999P.txt"" failed to produce the expected window with title "Part list - 71999P". Process 9256 was terminated.
Retrying...
Executed command ""C:\V90\panel.exe" "71999P.txt"" in working directory "C:\V90\FABRIDOR".
Command ""C:\V90\panel.exe" "71999P.txt"" failed to produce the expected window with title "Part list - 71999P". Process 12040 was terminated.
Retrying...
Executed command ""C:\V90\panel.exe" "71999P.txt"" in working directory "C:\V90\FABRIDOR".
Command ""C:\V90\panel.exe" "71999P.txt"" failed to produce the expected window with title "Part list - 71999P". Process 13408 was terminated.
panneaux.au3 failed.
panneaux.au3 started with batch "71999P".
panneaux.au3 started with batch "71999P".
panneaux.au3 started with batch "71999P".
Executed command ""C:\V90\panel.exe" "71999P.txt"" in working directory "C:\V90\FABRIDOR".
panneaux.au3 started with batch "71999P".
Executed command ""C:\V90\panel.exe" "71999P.txt"" in working directory "C:\V90\FABRIDOR".
panneaux.au3 started with batch "71999P".
Executed command ""C:\V90\panel.exe" "71999P.txt"" in working directory "C:\V90\FABRIDOR".
panneaux.au3 started with batch "71999P".
Executed command ""C:\V90\panel.exe" "71999P.txt"" in working directory "C:\V90\FABRIDOR".
panneaux.au3 started with batch "71999P".
Executed command ""C:\V90\panel.exe" "71999P.txt"" in working directory "C:\V90\FABRIDOR".
panneaux.au3 started with batch "71999P".
Executed command ""C:\V90\panel.exe" "71999P.txt"" in working directory "C:\V90\FABRIDOR".
panneaux.au3 started with batch "71999P".
Executed command ""C:\V90\panel.exe" "71999P.txt"" in working directory "C:\V90\FABRIDOR".
The program failed to produce the expected main window. Process 3768 was terminated.
Retrying...
Executed command ""C:\V90\panel.exe" "71999P.txt"" in working directory "C:\V90\FABRIDOR".
The program failed to produce the expected main window. Process 2736 was terminated.
Retrying...
Executed command ""C:\V90\panel.exe" "71999P.txt"" in working directory "C:\V90\FABRIDOR".
The program failed to produce the expected main window. Process 17220 was terminated.
Retrying...
Executed command ""C:\V90\panel.exe" "71999P.txt"" in working directory "C:\V90\FABRIDOR".
The program failed to produce the expected main window. Process 18584 was terminated.
Retrying...
Executed command ""C:\V90\panel.exe" "71999P.txt"" in working directory "C:\V90\FABRIDOR".
The program failed to produce the expected main window. Process 12460 was terminated.
Retrying...
Executed command ""C:\V90\panel.exe" "71999P.txt"" in working directory "C:\V90\FABRIDOR".
The program failed to produce the expected main window. Process 6268 was terminated.
panneaux.au3 failed.
panneaux.au3 started with batch "71999P".
Executed command ""C:\V90\panel.exe" "71999P.txt"" in working directory "C:\V90\FABRIDOR".
panneaux.au3 started with batch "71999P".
Executed command ""C:\V90\panel.exe" "71999P.txt"" in working directory "C:\V90\FABRIDOR".
panneaux.au3 started with batch "71999P".
Executed command ""C:\V90\panel.exe" "71999P.txt"" in working directory "C:\V90\FABRIDOR".
The program failed to produce the expected main window. Process 15212 was terminated.
Retrying...
Executed command ""C:\V90\panel.exe" "71999P.txt"" in working directory "C:\V90\FABRIDOR".
The program failed to produce the expected main window. Process 17836 was terminated.
Retrying...
Executed command ""C:\V90\panel.exe" "71999P.txt"" in working directory "C:\V90\FABRIDOR".
The program failed to produce the expected main window. Process 17440 was terminated.
Retrying...
Executed command ""C:\V90\panel.exe" "71999P.txt"" in working directory "C:\V90\FABRIDOR".
The program failed to produce the expected main window. Process 12244 was terminated.
Retrying...
Executed command ""C:\V90\panel.exe" "71999P.txt"" in working directory "C:\V90\FABRIDOR".
The program failed to produce the expected main window. Process 12200 was terminated.
Retrying...
Executed command ""C:\V90\panel.exe" "71999P.txt"" in working directory "C:\V90\FABRIDOR".
The program failed to produce the expected main window. Process 18764 was terminated.
panneaux.au3 failed.
panneaux.au3 started with batch "71999P".
Executed command ""C:\V90\panel.exe" "71999P.txt"" in working directory "C:\V90\FABRIDOR".
The program failed to produce the expected main window. Process 3468 was terminated.
Retrying...
Executed command ""C:\V90\panel.exe" "71999P.txt"" in working directory "C:\V90\FABRIDOR".
The program failed to produce the expected main window. Process 6384 was terminated.
Retrying...
Executed command ""C:\V90\panel.exe" "71999P.txt"" in working directory "C:\V90\FABRIDOR".
The program failed to produce the expected main window. Process 17884 was terminated.
Retrying...
Executed command ""C:\V90\panel.exe" "71999P.txt"" in working directory "C:\V90\FABRIDOR".
The program failed to produce the expected main window. Process 18796 was terminated.
Retrying...
Executed command ""C:\V90\panel.exe" "71999P.txt"" in working directory "C:\V90\FABRIDOR".
The program failed to produce the expected main window. Process 17908 was terminated.
Retrying...
Executed command ""C:\V90\panel.exe" "71999P.txt"" in working directory "C:\V90\FABRIDOR".
The program failed to produce the expected main window. Process 16668 was terminated.
panneaux.au3 failed.
